<?xml version="1.0" encoding="UTF-8"?>
<!-- Generated by org.testng.reporters.JUnitXMLReporter -->
<testsuite ignored="0" hostname="DESKTOP-OE6UVUS" failures="1" tests="1" name="ChromeTest" time="32.311" errors="0" timestamp="2022-07-08T13:20:55 IST">
  <testcase classname="testClasses.Validation1" name="validationOfProdcut" time="0.079">
    <failure type="java.lang.AssertionError" message="null">
      <![CDATA[java.lang.AssertionError: null
at testClasses.Validation1.validationOfProdcut(Validation1.java:69)
at java.base/java.util.ArrayList.forEach(ArrayList.java:1511)
... Removed 29 stack frames]]>
    </failure>
  </testcase> <!-- validationOfProdcut -->
</testsuite> <!-- ChromeTest -->
